Build started 3/8/2016 5:38:58 PM.
     1>Project "C:\Users\Jecht\documents\visual studio 2013\Projects\UserGenerator\UserGenerator\UserGenerator.vcxproj" on node 2 (Build target(s)).
     1>ClCompile:
         C:\Program Files (x86)\Microsoft Visual Studio 12.0\VC\bin\CL.exe /c /ZI /nologo /W3 /WX- /sdl /Od /Oy- /D _MBCS /Gm /EHsc /RTC1 /MDd /GS /fp:precise /Zc:wchar_t /Zc:forScope /Fo"Debug\\" /Fd"Debug\vc120.pdb" /Gd /TP /analyze- /errorReport:prompt Main.cpp
         Main.cpp
     1>c:\users\jecht\documents\visual studio 2013\projects\usergenerator\usergenerator\wordgen.h(44): warning C4244: 'argument' : conversion from 'time_t' to 'unsigned int', possible loss of data
     1>c:\users\jecht\documents\visual studio 2013\projects\usergenerator\usergenerator\wordgen.h(48): warning C4244: 'argument' : conversion from 'time_t' to 'unsigned int', possible loss of data
     1>c:\users\jecht\documents\visual studio 2013\projects\usergenerator\usergenerator\wordgen.h(153): warning C4018: '<' : signed/unsigned mismatch
     1>c:\users\jecht\documents\visual studio 2013\projects\usergenerator\usergenerator\wordgen.h(221): warning C4018: '<' : signed/unsigned mismatch
     1>c:\users\jecht\documents\visual studio 2013\projects\usergenerator\usergenerator\wordgen.h(244): warning C4018: '<' : signed/unsigned mismatch
     1>c:\users\jecht\documents\visual studio 2013\projects\usergenerator\usergenerator\wordgen.h(278): warning C4018: '<' : signed/unsigned mismatch
     1>c:\users\jecht\documents\visual studio 2013\projects\usergenerator\usergenerator\wordgen.h(382): warning C4018: '<' : signed/unsigned mismatch
     1>c:\users\jecht\documents\visual studio 2013\projects\usergenerator\usergenerator\main.cpp(58): warning C4018: '<' : signed/unsigned mismatch
     1>c:\users\jecht\documents\visual studio 2013\projects\usergenerator\usergenerator\main.cpp(69): warning C4018: '<' : signed/unsigned mismatch
     1>c:\users\jecht\documents\visual studio 2013\projects\usergenerator\usergenerator\main.cpp(80): warning C4018: '<' : signed/unsigned mismatch
       Link:
         C:\Program Files (x86)\Microsoft Visual Studio 12.0\VC\bin\link.exe /ERRORREPORT:PROMPT /OUT:"C:\Users\Jecht\documents\visual studio 2013\Projects\UserGenerator\Debug\UserGenerator.exe" /INCREMENTAL /NOLOGO kernel32.lib user32.lib gdi32.lib winspool.lib comdlg32.lib advapi32.lib shell32.lib ole32.lib oleaut32.lib uuid.lib odbc32.lib odbccp32.lib /MANIFEST /MANIFESTUAC:"level='asInvoker' uiAccess='false'" /manifest:embed /DEBUG /PDB:"C:\Users\Jecht\documents\visual studio 2013\Projects\UserGenerator\Debug\UserGenerator.pdb" /TLBID:1 /DYNAMICBASE /NXCOMPAT /IMPLIB:"C:\Users\Jecht\documents\visual studio 2013\Projects\UserGenerator\Debug\UserGenerator.lib" /MACHINE:X86 Debug\Main.obj
         UserGenerator.vcxproj -> C:\Users\Jecht\documents\visual studio 2013\Projects\UserGenerator\Debug\UserGenerator.exe
     1>Done Building Project "C:\Users\Jecht\documents\visual studio 2013\Projects\UserGenerator\UserGenerator\UserGenerator.vcxproj" (Build target(s)).

Build succeeded.

Time Elapsed 00:00:00.98
